19:50:47    0  WorldManager::startUp starting up
19:50:47    0  GraphicsManager::startUp() GraphicsManager has started up.
19:50:47    0  InputManager:startUp Started up InputManager
19:50:49    0  GameManager::startUp Managers have been started
19:50:49    0  Object::Object created type: Object, id: 0
19:50:49    0  WorldManager::insertObject inserted type: Object, id: 0
19:50:49    0  alt 0
19:50:49    0  Object::Object created type: Object, id: 1
19:50:49    0  WorldManager::insertObject inserted type: Object, id: 1
19:50:49    0  alt 0
19:50:49    0  Object::Object created type: Object, id: 2
19:50:49    0  WorldManager::insertObject inserted type: Object, id: 2
19:50:49    0  alt 0
19:50:49    0  Object::Object created type: Object, id: 3
19:50:49    0  WorldManager::insertObject inserted type: Object, id: 3
19:50:49    0  alt 0
19:50:49    0  Object::Object created type: Object, id: 4
19:50:49    0  WorldManager::insertObject inserted type: Object, id: 4
19:50:49    0  alt 0
19:50:49    0  Object::Object created type: Object, id: 5
19:50:49    0  WorldManager::insertObject inserted type: Object, id: 5
19:50:49    0  alt 0
19:50:49    0  Object::Object created type: Object, id: 6
19:50:49    0  WorldManager::insertObject inserted type: Object, id: 6
19:50:49    0  alt 0
19:50:49    0  ResourceManager::loadSprite(): starting loading sprite "../sprites/powerup-spr.txt" with label: powerup
19:50:49    0  ResourceManager::readFrame(): Error line 15. Line width is 3, expected 1
19:50:49    0  ResourceManager::loadSprite(): done loading sprite "../sprites/powerup-spr.txt" with label: powerup
19:50:49    0  ResourceManager::loadSprite(): starting loading sprite "../sprites/hero-spr.txt" with label: hero
19:50:49    0  ResourceManager::loadSprite(): done loading sprite "../sprites/hero-spr.txt" with label: hero
19:50:49    0  Object::Object created type: Object, id: 7
19:50:49    0  WorldManager::insertObject inserted type: Object, id: 7
19:50:49    0  Object::Object created type: Object, id: 8
19:50:49    0  WorldManager::insertObject inserted type: Object, id: 8
19:50:49    0  Event being sent: __event_hero_position
19:50:49    0  EVENT WITH IN ENEMY __event_hero_position

19:50:49    0  got eventheroposition
19:50:49    0  Object::Object created type: Object, id: 9
19:50:49    0  WorldManager::insertObject inserted type: Object, id: 9
19:50:49    0  alt 3
19:50:49    0  GameManager::run GameManager is running the game
19:50:49    0  Event being sent: __step__
19:50:49    0  EVENT WITH IN ENEMY __step__

19:50:49    0  Event being sent: df::mouse
19:50:49    0  EVENT WITH IN ENEMY df::mouse

19:50:49    0  WorldManager::update updating world and deleting marked objects
19:50:49    0  GameManager::run Frame took 315 milliseconds
19:50:49    1  Event being sent: __step__
19:50:49    1  EVENT WITH IN ENEMY __step__

19:50:49    1  WorldManager::update updating world and deleting marked objects
19:50:49    1  GameManager::run Frame took 34 milliseconds
19:50:49    2  Event being sent: __step__
19:50:49    2  EVENT WITH IN ENEMY __step__

19:50:49    2  WorldManager::update updating world and deleting marked objects
19:50:49    2  GameManager::run Frame took 34 milliseconds
19:50:49    3  Event being sent: __step__
19:50:49    3  EVENT WITH IN ENEMY __step__

19:50:49    3  WorldManager::update updating world and deleting marked objects
19:50:49    3  GameManager::run Frame took 33 milliseconds
19:50:49    4  Event being sent: __step__
19:50:49    4  EVENT WITH IN ENEMY __step__

19:50:49    4  WorldManager::update updating world and deleting marked objects
19:50:49    4  GameManager::run Frame took 35 milliseconds
19:50:49    5  Event being sent: __step__
19:50:49    5  EVENT WITH IN ENEMY __step__

19:50:49    5  WorldManager::update updating world and deleting marked objects
19:50:49    5  GameManager::run Frame took 34 milliseconds
19:50:49    6  Event being sent: __step__
19:50:49    6  EVENT WITH IN ENEMY __step__

19:50:49    6  WorldManager::update updating world and deleting marked objects
19:50:49    6  GameManager::run Frame took 34 milliseconds
19:50:49    7  Event being sent: __step__
19:50:49    7  EVENT WITH IN ENEMY __step__

19:50:49    7  WorldManager::update updating world and deleting marked objects
19:50:49    7  GameManager::run Frame took 34 milliseconds
19:50:49    8  Event being sent: __step__
19:50:49    8  EVENT WITH IN ENEMY __step__

19:50:49    8  WorldManager::update updating world and deleting marked objects
19:50:49    8  GameManager::run Frame took 33 milliseconds
19:50:49    9  Event being sent: __step__
19:50:49    9  EVENT WITH IN ENEMY __step__

19:50:49    9  WorldManager::update updating world and deleting marked objects
19:50:49    9  GameManager::run Frame took 34 milliseconds
19:50:49   10  Event being sent: __step__
19:50:49   10  EVENT WITH IN ENEMY __step__

19:50:49   10  WorldManager::update updating world and deleting marked objects
19:50:49   10  GameManager::run Frame took 34 milliseconds
19:50:49   11  Event being sent: __step__
19:50:49   11  EVENT WITH IN ENEMY __step__

19:50:49   11  WorldManager::update updating world and deleting marked objects
19:50:49   11  GameManager::run Frame took 34 milliseconds
19:50:49   12  Event being sent: __step__
19:50:49   12  EVENT WITH IN ENEMY __step__

19:50:49   12  WorldManager::update updating world and deleting marked objects
19:50:49   12  GameManager::run Frame took 34 milliseconds
19:50:49   13  Event being sent: __step__
19:50:49   13  EVENT WITH IN ENEMY __step__

19:50:49   13  WorldManager::update updating world and deleting marked objects
19:50:49   13  GameManager::run Frame took 34 milliseconds
19:50:49   14  Event being sent: __step__
19:50:49   14  EVENT WITH IN ENEMY __step__

19:50:49   14  WorldManager::update updating world and deleting marked objects
19:50:49   14  GameManager::run Frame took 34 milliseconds
19:50:49   15  Event being sent: __step__
19:50:49   15  EVENT WITH IN ENEMY __step__

19:50:49   15  WorldManager::update updating world and deleting marked objects
19:50:49   15  GameManager::run Frame took 34 milliseconds
19:50:49   16  Event being sent: __step__
19:50:49   16  EVENT WITH IN ENEMY __step__

19:50:49   16  WorldManager::update updating world and deleting marked objects
19:50:49   16  GameManager::run Frame took 34 milliseconds
19:50:49   17  Event being sent: __step__
19:50:49   17  EVENT WITH IN ENEMY __step__

19:50:49   17  WorldManager::update updating world and deleting marked objects
19:50:49   17  GameManager::run Frame took 42 milliseconds
19:50:49   18  Event being sent: __step__
19:50:49   18  EVENT WITH IN ENEMY __step__

19:50:49   18  WorldManager::update updating world and deleting marked objects
19:50:50   18  GameManager::run Frame took 34 milliseconds
19:50:50   19  Event being sent: __step__
19:50:50   19  EVENT WITH IN ENEMY __step__

19:50:50   19  WorldManager::update updating world and deleting marked objects
19:50:50   19  GameManager::run Frame took 34 milliseconds
19:50:50   20  Event being sent: __step__
19:50:50   20  EVENT WITH IN ENEMY __step__

19:50:50   20  WorldManager::update updating world and deleting marked objects
19:50:50   20  GameManager::run Frame took 34 milliseconds
19:50:50   21  Event being sent: __step__
19:50:50   21  EVENT WITH IN ENEMY __step__

19:50:50   21  WorldManager::update updating world and deleting marked objects
19:50:50   21  GameManager::run Frame took 34 milliseconds
19:50:50   22  Event being sent: __step__
19:50:50   22  EVENT WITH IN ENEMY __step__

19:50:50   22  WorldManager::update updating world and deleting marked objects
19:50:50   22  GameManager::run Frame took 34 milliseconds
19:50:50   23  Event being sent: __step__
19:50:50   23  EVENT WITH IN ENEMY __step__

19:50:50   23  WorldManager::update updating world and deleting marked objects
19:50:50   23  GameManager::run Frame took 34 milliseconds
19:50:50   24  Event being sent: __step__
19:50:50   24  EVENT WITH IN ENEMY __step__

19:50:50   24  WorldManager::update updating world and deleting marked objects
19:50:50   24  GameManager::run Frame took 34 milliseconds
19:50:50   25  Event being sent: __step__
19:50:50   25  EVENT WITH IN ENEMY __step__

19:50:50   25  WorldManager::update updating world and deleting marked objects
19:50:50   25  GameManager::run Frame took 34 milliseconds
19:50:50   26  Event being sent: __step__
19:50:50   26  EVENT WITH IN ENEMY __step__

19:50:50   26  WorldManager::update updating world and deleting marked objects
19:50:50   26  GameManager::run Frame took 34 milliseconds
19:50:50   27  Event being sent: __step__
19:50:50   27  EVENT WITH IN ENEMY __step__

19:50:50   27  WorldManager::update updating world and deleting marked objects
19:50:50   27  GameManager::run Frame took 34 milliseconds
19:50:50   28  Event being sent: __step__
19:50:50   28  EVENT WITH IN ENEMY __step__

19:50:50   28  WorldManager::update updating world and deleting marked objects
19:50:50   28  GameManager::run Frame took 34 milliseconds
19:50:50   29  Event being sent: __step__
19:50:50   29  EVENT WITH IN ENEMY __step__

19:50:50   29  WorldManager::update updating world and deleting marked objects
19:50:50   29  GameManager::run Frame took 33 milliseconds
19:50:50   30  Event being sent: __step__
19:50:50   30  EVENT WITH IN ENEMY __step__

19:50:50   30  WorldManager::update updating world and deleting marked objects
19:50:50   30  GameManager::run Frame took 33 milliseconds
19:50:50   31  Event being sent: __step__
19:50:50   31  EVENT WITH IN ENEMY __step__

19:50:50   31  WorldManager::update updating world and deleting marked objects
19:50:50   31  GameManager::run Frame took 34 milliseconds
19:50:50   32  Event being sent: __step__
19:50:50   32  EVENT WITH IN ENEMY __step__

19:50:50   32  WorldManager::update updating world and deleting marked objects
19:50:50   32  GameManager::run Frame took 33 milliseconds
19:50:50   33  Event being sent: __step__
19:50:50   33  EVENT WITH IN ENEMY __step__

19:50:50   33  WorldManager::update updating world and deleting marked objects
19:50:50   33  GameManager::run Frame took 34 milliseconds
19:50:50   34  Event being sent: __step__
19:50:50   34  EVENT WITH IN ENEMY __step__

19:50:50   34  WorldManager::update updating world and deleting marked objects
19:50:50   34  GameManager::run Frame took 34 milliseconds
19:50:50   35  Event being sent: __step__
19:50:50   35  EVENT WITH IN ENEMY __step__

19:50:50   35  WorldManager::update updating world and deleting marked objects
19:50:50   35  GameManager::run Frame took 34 milliseconds
19:50:50   36  Event being sent: __step__
19:50:50   36  EVENT WITH IN ENEMY __step__

19:50:50   36  WorldManager::update updating world and deleting marked objects
19:50:50   36  GameManager::run Frame took 34 milliseconds
19:50:50   37  Event being sent: __step__
19:50:50   37  EVENT WITH IN ENEMY __step__

19:50:50   37  WorldManager::update updating world and deleting marked objects
19:50:50   37  GameManager::run Frame took 50 milliseconds
19:50:50   38  Event being sent: __step__
19:50:50   38  EVENT WITH IN ENEMY __step__

19:50:50   38  WorldManager::update updating world and deleting marked objects
19:50:50   38  GameManager::run Frame took 33 milliseconds
19:50:50   39  Event being sent: __step__
19:50:50   39  EVENT WITH IN ENEMY __step__

19:50:50   39  WorldManager::update updating world and deleting marked objects
19:50:50   39  GameManager::run Frame took 101 milliseconds
19:50:50   40  Event being sent: __step__
19:50:50   40  EVENT WITH IN ENEMY __step__

19:50:51   40  WorldManager::update updating world and deleting marked objects
19:50:51   40  GameManager::run Frame took 457 milliseconds
19:50:51   41  Event being sent: __step__
19:50:51   41  EVENT WITH IN ENEMY __step__

19:50:51   41  WorldManager::update updating world and deleting marked objects
19:50:51   41  GameManager::run Frame took 33 milliseconds
19:50:51   42  Event being sent: __step__
19:50:51   42  EVENT WITH IN ENEMY __step__

19:50:51   42  WorldManager::update updating world and deleting marked objects
19:50:51   42  GameManager::run Frame took 36 milliseconds
19:50:51   43  Event being sent: __step__
19:50:51   43  EVENT WITH IN ENEMY __step__

19:50:51   43  WorldManager::update updating world and deleting marked objects
19:50:51   43  GameManager::run Frame took 34 milliseconds
19:50:51   44  Event being sent: __step__
19:50:51   44  EVENT WITH IN ENEMY __step__

19:50:51   44  WorldManager::update updating world and deleting marked objects
19:50:51   44  GameManager::run Frame took 84 milliseconds
19:50:51   45  Event being sent: __step__
19:50:51   45  EVENT WITH IN ENEMY __step__

19:50:51   45  WorldManager::update updating world and deleting marked objects
19:50:51   45  GameManager::run Frame took 34 milliseconds
19:50:51   46  Event being sent: __step__
19:50:51   46  EVENT WITH IN ENEMY __step__

19:50:51   46  WorldManager::update updating world and deleting marked objects
19:50:51   46  GameManager::run Frame took 37 milliseconds
19:50:51   47  Event being sent: __step__
19:50:51   47  EVENT WITH IN ENEMY __step__

19:50:51   47  WorldManager::update updating world and deleting marked objects
19:50:51   47  GameManager::run Frame took 34 milliseconds
19:50:51   48  Event being sent: __step__
19:50:51   48  EVENT WITH IN ENEMY __step__

19:50:51   48  WorldManager::update updating world and deleting marked objects
19:50:51   48  GameManager::run Frame took 50 milliseconds
19:50:51   49  Event being sent: __step__
19:50:51   49  EVENT WITH IN ENEMY __step__

19:50:51   49  WorldManager::update updating world and deleting marked objects
19:50:51   49  GameManager::run Frame took 35 milliseconds
19:50:51   50  Event being sent: __step__
19:50:51   50  EVENT WITH IN ENEMY __step__

19:50:51   50  WorldManager::update updating world and deleting marked objects
19:50:51   50  GameManager::run Frame took 35 milliseconds
19:50:51   51  Event being sent: __step__
19:50:51   51  EVENT WITH IN ENEMY __step__

19:50:51   51  WorldManager::update updating world and deleting marked objects
19:50:51   51  GameManager::run Frame took 41 milliseconds
19:50:51   52  Event being sent: __step__
19:50:51   52  EVENT WITH IN ENEMY __step__

19:50:51   52  WorldManager::update updating world and deleting marked objects
19:50:51   52  GameManager::run Frame took 34 milliseconds
19:50:51   53  Event being sent: __step__
19:50:51   53  EVENT WITH IN ENEMY __step__

19:50:51   53  WorldManager::update updating world and deleting marked objects
19:50:51   53  GameManager::run Frame took 34 milliseconds
19:50:51   54  Event being sent: __step__
19:50:51   54  EVENT WITH IN ENEMY __step__

19:50:51   54  WorldManager::update updating world and deleting marked objects
19:50:51   54  GameManager::run Frame took 33 milliseconds
19:50:51   55  Event being sent: __step__
19:50:51   55  EVENT WITH IN ENEMY __step__

19:50:52   55  WorldManager::update updating world and deleting marked objects
19:50:52   55  GameManager::run Frame took 268 milliseconds
19:50:52   56  Event being sent: __step__
19:50:52   56  EVENT WITH IN ENEMY __step__

19:50:52   56  WorldManager::update updating world and deleting marked objects
19:50:52   56  GameManager::run Frame took 35 milliseconds
19:50:52   57  Event being sent: __step__
19:50:52   57  EVENT WITH IN ENEMY __step__

19:50:52   57  WorldManager::update updating world and deleting marked objects
19:50:52   57  GameManager::run Frame took 34 milliseconds
19:50:52   58  Event being sent: __step__
19:50:52   58  EVENT WITH IN ENEMY __step__

19:50:52   58  WorldManager::update updating world and deleting marked objects
19:50:52   58  GameManager::run Frame took 33 milliseconds
19:50:52   59  Event being sent: __step__
19:50:52   59  EVENT WITH IN ENEMY __step__

19:50:52   59  WorldManager::update updating world and deleting marked objects
19:50:52   59  GameManager::run Frame took 34 milliseconds
19:50:52   60  Event being sent: __step__
19:50:52   60  EVENT WITH IN ENEMY __step__

19:50:52   60  WorldManager::update updating world and deleting marked objects
19:50:52   60  GameManager::run Frame took 34 milliseconds
19:50:52   61  Event being sent: __step__
19:50:52   61  EVENT WITH IN ENEMY __step__

19:50:52   61  WorldManager::update updating world and deleting marked objects
19:50:52   61  GameManager::run Frame took 34 milliseconds
19:50:52   62  Event being sent: __step__
19:50:52   62  EVENT WITH IN ENEMY __step__

19:50:52   62  WorldManager::update updating world and deleting marked objects
19:50:52   62  GameManager::run Frame took 33 milliseconds
19:50:52   63  Event being sent: __step__
19:50:52   63  EVENT WITH IN ENEMY __step__

19:50:52   63  WorldManager::update updating world and deleting marked objects
19:50:52   63  GameManager::run Frame took 33 milliseconds
19:50:52   64  Event being sent: __step__
19:50:52   64  EVENT WITH IN ENEMY __step__

19:50:52   64  WorldManager::update updating world and deleting marked objects
19:50:52   64  GameManager::run Frame took 34 milliseconds
19:50:52   65  Event being sent: __step__
19:50:52   65  EVENT WITH IN ENEMY __step__

19:50:52   65  WorldManager::update updating world and deleting marked objects
19:50:52   65  GameManager::run Frame took 34 milliseconds
19:50:52   66  Event being sent: __step__
19:50:52   66  EVENT WITH IN ENEMY __step__

19:50:52   66  WorldManager::update updating world and deleting marked objects
19:50:52   66  GameManager::run Frame took 33 milliseconds
19:50:52   67  Event being sent: __step__
19:50:52   67  EVENT WITH IN ENEMY __step__

19:50:52   67  WorldManager::update updating world and deleting marked objects
19:50:52   67  GameManager::run Frame took 33 milliseconds
19:50:52   68  Event being sent: __step__
19:50:52   68  EVENT WITH IN ENEMY __step__

19:50:52   68  WorldManager::update updating world and deleting marked objects
19:50:52   68  GameManager::run Frame took 34 milliseconds
19:50:52   69  Event being sent: __step__
19:50:52   69  EVENT WITH IN ENEMY __step__

19:50:52   69  WorldManager::update updating world and deleting marked objects
19:50:52   69  GameManager::run Frame took 33 milliseconds
19:50:52   70  Event being sent: __step__
19:50:52   70  EVENT WITH IN ENEMY __step__

19:50:52   70  WorldManager::update updating world and deleting marked objects
19:50:52   70  GameManager::run Frame took 34 milliseconds
19:50:52   71  Event being sent: __step__
19:50:52   71  EVENT WITH IN ENEMY __step__

19:50:52   71  WorldManager::update updating world and deleting marked objects
19:50:52   71  GameManager::run Frame took 34 milliseconds
19:50:52   72  Event being sent: __step__
19:50:52   72  EVENT WITH IN ENEMY __step__

19:50:52   72  WorldManager::update updating world and deleting marked objects
19:50:52   72  GameManager::run Frame took 34 milliseconds
19:50:52   73  Event being sent: __step__
19:50:52   73  EVENT WITH IN ENEMY __step__

19:50:52   73  WorldManager::update updating world and deleting marked objects
19:50:52   73  GameManager::run Frame took 34 milliseconds
19:50:52   74  Event being sent: __step__
19:50:52   74  EVENT WITH IN ENEMY __step__

19:50:52   74  WorldManager::update updating world and deleting marked objects
19:50:52   74  GameManager::run Frame took 34 milliseconds
19:50:52   75  Event being sent: __step__
19:50:52   75  EVENT WITH IN ENEMY __step__

19:50:52   75  WorldManager::update updating world and deleting marked objects
19:50:52   75  GameManager::run Frame took 34 milliseconds
19:50:52   76  Event being sent: __step__
19:50:52   76  EVENT WITH IN ENEMY __step__

19:50:52   76  WorldManager::update updating world and deleting marked objects
19:50:52   76  GameManager::run Frame took 34 milliseconds
19:50:52   77  Event being sent: __step__
19:50:52   77  EVENT WITH IN ENEMY __step__

19:50:52   77  Event being sent: df::keyboard
19:50:52   77  EVENT WITH IN ENEMY df::keyboard

19:50:52   77  Event being sent: df::keyboard
19:50:52   77  EVENT WITH IN ENEMY df::keyboard

19:50:52   77  WorldManager::update updating world and deleting marked objects
19:50:52   77  GameManager::run Frame took 34 milliseconds
19:50:55   78  GameManager::shutDown Managers are being shutdown
19:50:55   78  InputManager:shutDown InputManager has been shut down
19:50:55   78  GraphicsManager::shutDown() GraphicsManager has been shutdown.
19:50:55   78  WorldManager::shutDown deleting all objects
19:50:55   78  WorldManager::removeObject removed type: Ladder, id: 0
19:50:55   78  Object::Object removed type: Ladder, id: 0
19:50:55   78  WorldManager::removeObject removed type: Ladder, id: 1
19:50:55   78  Object::Object removed type: Ladder, id: 1
19:50:55   78  WorldManager::removeObject removed type: Ladder, id: 2
19:50:55   78  Object::Object removed type: Ladder, id: 2
19:50:55   78  WorldManager::removeObject removed type: Floor, id: 3
19:50:55   78  Object::Object removed type: Floor, id: 3
19:50:55   78  WorldManager::removeObject removed type: Floor, id: 4
19:50:55   78  Object::Object removed type: Floor, id: 4
19:50:55   78  WorldManager::removeObject removed type: Floor, id: 5
19:50:55   78  Object::Object removed type: Floor, id: 5
19:50:55   78  WorldManager::removeObject removed type: Floor, id: 6
19:50:55   78  Object::Object removed type: Floor, id: 6
19:50:55   78  WorldManager::removeObject removed type: Enemy, id: 7
19:50:55   78  Object::Object removed type: Enemy, id: 7
19:50:55   78  WorldManager::removeObject removed type: hero, id: 8
19:50:55   78  Object::Object removed type: hero, id: 8
19:50:55   78  WorldManager::removeObject removed type: Power, id: 9
19:50:55   78  Object::Object removed type: Power, id: 9
