e:\yahel nachum\school work\junior college\a term\technical game development\yahel_nachum_dragonfly\yahel_nachum_dragonfly\debug\vc120.pdb
e:\yahel nachum\school work\junior college\a term\technical game development\yahel_nachum_dragonfly\yahel_nachum_dragonfly\debug\vc120.idb
e:\yahel nachum\school work\junior college\a term\technical game development\yahel_nachum_dragonfly\yahel_nachum_dragonfly\debug\frame.obj
e:\yahel nachum\school work\junior college\a term\technical game development\yahel_nachum_dragonfly\yahel_nachum_dragonfly\debug\game.obj
e:\yahel nachum\school work\junior college\a term\technical game development\yahel_nachum_dragonfly\yahel_nachum_dragonfly\debug\gamemanager.obj
e:\yahel nachum\school work\junior college\a term\technical game development\yahel_nachum_dragonfly\yahel_nachum_dragonfly\debug\graphicsmanager.obj
e:\yahel nachum\school work\junior college\a term\technical game development\yahel_nachum_dragonfly\yahel_nachum_dragonfly\debug\inputmanager.obj
e:\yahel nachum\school work\junior college\a term\technical game development\yahel_nachum_dragonfly\yahel_nachum_dragonfly\debug\logmanager.obj
e:\yahel nachum\school work\junior college\a term\technical game development\yahel_nachum_dragonfly\yahel_nachum_dragonfly\debug\manager.obj
e:\yahel nachum\school work\junior college\a term\technical game development\yahel_nachum_dragonfly\yahel_nachum_dragonfly\debug\object.obj
e:\yahel nachum\school work\junior college\a term\technical game development\yahel_nachum_dragonfly\yahel_nachum_dragonfly\debug\objectlist.obj
e:\yahel nachum\school work\junior college\a term\technical game development\yahel_nachum_dragonfly\yahel_nachum_dragonfly\debug\objectlistiterator.obj
e:\yahel nachum\school work\junior college\a term\technical game development\yahel_nachum_dragonfly\yahel_nachum_dragonfly\debug\playercontrolledcar.obj
e:\yahel nachum\school work\junior college\a term\technical game development\yahel_nachum_dragonfly\yahel_nachum_dragonfly\debug\position.obj
e:\yahel nachum\school work\junior college\a term\technical game development\yahel_nachum_dragonfly\yahel_nachum_dragonfly\debug\resourcemanager.obj
e:\yahel nachum\school work\junior college\a term\technical game development\yahel_nachum_dragonfly\yahel_nachum_dragonfly\debug\reticle.obj
e:\yahel nachum\school work\junior college\a term\technical game development\yahel_nachum_dragonfly\yahel_nachum_dragonfly\debug\saucer.obj
e:\yahel nachum\school work\junior college\a term\technical game development\yahel_nachum_dragonfly\yahel_nachum_dragonfly\debug\specularobject.obj
e:\yahel nachum\school work\junior college\a term\technical game development\yahel_nachum_dragonfly\yahel_nachum_dragonfly\debug\sprite.obj
e:\yahel nachum\school work\junior college\a term\technical game development\yahel_nachum_dragonfly\yahel_nachum_dragonfly\debug\utility.obj
e:\yahel nachum\school work\junior college\a term\technical game development\yahel_nachum_dragonfly\yahel_nachum_dragonfly\debug\viewobject.obj
e:\yahel nachum\school work\junior college\a term\technical game development\yahel_nachum_dragonfly\yahel_nachum_dragonfly\debug\worldmanager.obj
e:\yahel nachum\school work\junior college\a term\technical game development\yahel_nachum_dragonfly\yahel_nachum_dragonfly\debug\ball.obj
e:\yahel nachum\school work\junior college\a term\technical game development\yahel_nachum_dragonfly\yahel_nachum_dragonfly\debug\box.obj
e:\yahel nachum\school work\junior college\a term\technical game development\yahel_nachum_dragonfly\yahel_nachum_dragonfly\debug\bullet.obj
e:\yahel nachum\school work\junior college\a term\technical game development\yahel_nachum_dragonfly\yahel_nachum_dragonfly\debug\bus.obj
e:\yahel nachum\school work\junior college\a term\technical game development\yahel_nachum_dragonfly\yahel_nachum_dragonfly\debug\car.obj
e:\yahel nachum\school work\junior college\a term\technical game development\yahel_nachum_dragonfly\yahel_nachum_dragonfly\debug\clock.obj
e:\yahel nachum\school work\junior college\a term\technical game development\yahel_nachum_dragonfly\yahel_nachum_dragonfly\debug\event.obj
e:\yahel nachum\school work\junior college\a term\technical game development\yahel_nachum_dragonfly\yahel_nachum_dragonfly\debug\eventcollision.obj
e:\yahel nachum\school work\junior college\a term\technical game development\yahel_nachum_dragonfly\yahel_nachum_dragonfly\debug\eventkeyboard.obj
e:\yahel nachum\school work\junior college\a term\technical game development\yahel_nachum_dragonfly\yahel_nachum_dragonfly\debug\eventmouse.obj
e:\yahel nachum\school work\junior college\a term\technical game development\yahel_nachum_dragonfly\yahel_nachum_dragonfly\debug\eventout.obj
e:\yahel nachum\school work\junior college\a term\technical game development\yahel_nachum_dragonfly\yahel_nachum_dragonfly\debug\eventstep.obj
e:\yahel nachum\school work\junior college\a term\technical game development\yahel_nachum_dragonfly\yahel_nachum_dragonfly\debug\eventview.obj
e:\yahel nachum\school work\junior college\a term\technical game development\yahel_nachum_dragonfly\yahel_nachum_dragonfly\debug\music.obj
e:\yahel nachum\school work\junior college\a term\technical game development\yahel_nachum_dragonfly\yahel_nachum_dragonfly\debug\sound.obj
e:\yahel nachum\school work\junior college\a term\technical game development\yahel_nachum_dragonfly\yahel_nachum_dragonfly\debug\points.obj
e:\visual c++ 2013 workspace\dragonflyengine\yahel_nachum_dragonfly\debug\vc120.pdb
e:\visual c++ 2013 workspace\dragonflyengine\yahel_nachum_dragonfly\debug\vc120.idb
e:\visual c++ 2013 workspace\dragonflyengine\yahel_nachum_dragonfly\debug\logmanager.obj
e:\visual c++ 2013 workspace\dragonflyengine\yahel_nachum_dragonfly\debug\manager.obj
e:\visual c++ 2013 workspace\dragonflyengine\yahel_nachum_dragonfly\debug\mapmanager.obj
e:\visual c++ 2013 workspace\dragonflyengine\yahel_nachum_dragonfly\debug\mapobject.obj
e:\visual c++ 2013 workspace\dragonflyengine\yahel_nachum_dragonfly\debug\music.obj
e:\visual c++ 2013 workspace\dragonflyengine\yahel_nachum_dragonfly\debug\object.obj
e:\visual c++ 2013 workspace\dragonflyengine\yahel_nachum_dragonfly\debug\objectlist.obj
e:\visual c++ 2013 workspace\dragonflyengine\yahel_nachum_dragonfly\debug\objectlistiterator.obj
e:\visual c++ 2013 workspace\dragonflyengine\yahel_nachum_dragonfly\debug\playercontrolledcar.obj
e:\visual c++ 2013 workspace\dragonflyengine\yahel_nachum_dragonfly\debug\points.obj
e:\visual c++ 2013 workspace\dragonflyengine\yahel_nachum_dragonfly\debug\position.obj
e:\visual c++ 2013 workspace\dragonflyengine\yahel_nachum_dragonfly\debug\resourcemanager.obj
e:\visual c++ 2013 workspace\dragonflyengine\yahel_nachum_dragonfly\debug\reticle.obj
e:\visual c++ 2013 workspace\dragonflyengine\yahel_nachum_dragonfly\debug\saucer.obj
e:\visual c++ 2013 workspace\dragonflyengine\yahel_nachum_dragonfly\debug\sound.obj
e:\visual c++ 2013 workspace\dragonflyengine\yahel_nachum_dragonfly\debug\specularobject.obj
e:\visual c++ 2013 workspace\dragonflyengine\yahel_nachum_dragonfly\debug\sprite.obj
e:\visual c++ 2013 workspace\dragonflyengine\yahel_nachum_dragonfly\debug\utility.obj
e:\visual c++ 2013 workspace\dragonflyengine\yahel_nachum_dragonfly\debug\viewobject.obj
e:\visual c++ 2013 workspace\dragonflyengine\yahel_nachum_dragonfly\debug\worldmanager.obj
e:\visual c++ 2013 workspace\dragonflyengine\yahel_nachum_dragonfly\debug\ball.obj
e:\visual c++ 2013 workspace\dragonflyengine\yahel_nachum_dragonfly\debug\box.obj
e:\visual c++ 2013 workspace\dragonflyengine\yahel_nachum_dragonfly\debug\bullet.obj
e:\visual c++ 2013 workspace\dragonflyengine\yahel_nachum_dragonfly\debug\bus.obj
e:\visual c++ 2013 workspace\dragonflyengine\yahel_nachum_dragonfly\debug\car.obj
e:\visual c++ 2013 workspace\dragonflyengine\yahel_nachum_dragonfly\debug\clock.obj
e:\visual c++ 2013 workspace\dragonflyengine\yahel_nachum_dragonfly\debug\event.obj
e:\visual c++ 2013 workspace\dragonflyengine\yahel_nachum_dragonfly\debug\eventcollision.obj
e:\visual c++ 2013 workspace\dragonflyengine\yahel_nachum_dragonfly\debug\eventkeyboard.obj
e:\visual c++ 2013 workspace\dragonflyengine\yahel_nachum_dragonfly\debug\eventmouse.obj
e:\visual c++ 2013 workspace\dragonflyengine\yahel_nachum_dragonfly\debug\eventout.obj
e:\visual c++ 2013 workspace\dragonflyengine\yahel_nachum_dragonfly\debug\eventstep.obj
e:\visual c++ 2013 workspace\dragonflyengine\yahel_nachum_dragonfly\debug\eventview.obj
e:\visual c++ 2013 workspace\dragonflyengine\yahel_nachum_dragonfly\debug\frame.obj
e:\visual c++ 2013 workspace\dragonflyengine\yahel_nachum_dragonfly\debug\game.obj
e:\visual c++ 2013 workspace\dragonflyengine\yahel_nachum_dragonfly\debug\gamemanager.obj
e:\visual c++ 2013 workspace\dragonflyengine\yahel_nachum_dragonfly\debug\graphicsmanager.obj
e:\visual c++ 2013 workspace\dragonflyengine\yahel_nachum_dragonfly\debug\inputmanager.obj
e:\yahel nachum\school work\junior college\a term\technical game development\yahel_nachum_dragonfly\debug\yahel_nachum_dragonfly.ilk
e:\yahel nachum\school work\junior college\a term\technical game development\yahel_nachum_dragonfly\debug\yahel_nachum_dragonfly.exe
e:\yahel nachum\school work\junior college\a term\technical game development\yahel_nachum_dragonfly\debug\yahel_nachum_dragonfly.pdb
e:\visual c++ 2013 workspace\dragonflyengine\yahel_nachum_dragonfly\debug\yahel_nachum_dragonfly.ilk
e:\visual c++ 2013 workspace\dragonflyengine\yahel_nachum_dragonfly\debug\yahel_nachum_dragonfly.exe
e:\visual c++ 2013 workspace\dragonflyengine\yahel_nachum_dragonfly\debug\yahel_nachum_dragonfly.pdb
e:\visual c++ 2013 workspace\dragonflyengine\yahel_nachum_dragonfly\debug\yahel_na.e5fd171f.tlog\cl.command.1.tlog
e:\visual c++ 2013 workspace\dragonflyengine\yahel_nachum_dragonfly\debug\yahel_na.e5fd171f.tlog\cl.read.1.tlog
e:\visual c++ 2013 workspace\dragonflyengine\yahel_nachum_dragonfly\debug\yahel_na.e5fd171f.tlog\cl.write.1.tlog
e:\visual c++ 2013 workspace\dragonflyengine\yahel_nachum_dragonfly\debug\yahel_na.e5fd171f.tlog\link.command.1.tlog
e:\visual c++ 2013 workspace\dragonflyengine\yahel_nachum_dragonfly\debug\yahel_na.e5fd171f.tlog\link.read.1.tlog
e:\visual c++ 2013 workspace\dragonflyengine\yahel_nachum_dragonfly\debug\yahel_na.e5fd171f.tlog\link.write.1.tlog
